This is pdfTeX, Version 3.1415926-2.5-1.40.14 (MiKTeX 2.9) (preloaded format=pdflatex 2014.3.1)  17 FEB 2015 16:59
entering extended mode
**aaai_main.tex
(C:\mss\Faisal\FLAIRS28\csc_688_2014_doc\aaai_main.tex
LaTeX2e <2011/06/27>
Babel <v3.8m> and hyphenation patterns for english, afrikaans, ancientgreek, arabic, armenian, assamese, basque, bengali
, bokmal, bulgarian, catalan, coptic, croatian, czech, danish, dutch, esperanto, estonian, farsi, finnish, french, galic
ian, german, german-x-2013-05-26, greek, gujarati, hindi, hungarian, icelandic, indonesian, interlingua, irish, italian,
 kannada, kurmanji, latin, latvian, lithuanian, malayalam, marathi, mongolian, mongolianlmc, monogreek, ngerman, ngerman
-x-2013-05-26, nynorsk, oriya, panjabi, pinyin, polish, portuguese, romanian, russian, sanskrit, serbian, slovak, sloven
ian, spanish, swedish, swissgerman, tamil, telugu, turkish, turkmen, ukenglish, ukrainian, uppersorbian, usenglishmax, w
elsh, loaded.
("C:\Program Files (x86)\MiKTeX 2.9\tex\latex\base\article.cls"
Document Class: article 2007/10/19 v1.4h Standard LaTeX document class
("C:\Program Files (x86)\MiKTeX 2.9\tex\latex\base\size10.clo"
File: size10.clo 2007/10/19 v1.4h Standard LaTeX file (size option)
)
\c@part=\count79
\c@section=\count80
\c@subsection=\count81
\c@subsubsection=\count82
\c@paragraph=\count83
\c@subparagraph=\count84
\c@figure=\count85
\c@table=\count86
\abovecaptionskip=\skip41
\belowcaptionskip=\skip42
\bibindent=\dimen102
) (C:\mss\Faisal\FLAIRS28\csc_688_2014_doc\aaai.sty
Conference Style for AAAI for LaTeX 2e -- version of 1 January 2015
\titlebox=\skip43
) ("C:\Program Files (x86)\MiKTeX 2.9\tex\latex\psnfss\times.sty"
Package: times 2005/04/12 PSNFSS-v9.2a (SPQR) 
)
("C:\Program Files (x86)\MiKTeX 2.9\tex\latex\psnfss\helvet.sty"
Package: helvet 2005/04/12 PSNFSS-v9.2a (WaS) 

("C:\Program Files (x86)\MiKTeX 2.9\tex\latex\graphics\keyval.sty"
Package: keyval 2014/05/08 v1.15 key=value parser (DPC)
\KV@toks@=\toks14
))
("C:\Program Files (x86)\MiKTeX 2.9\tex\latex\psnfss\courier.sty"
Package: courier 2005/04/12 PSNFSS-v9.2a (WaS) 
)
("C:\Program Files (x86)\MiKTeX 2.9\tex\latex\graphics\graphicx.sty"
Package: graphicx 2014/04/25 v1.0g Enhanced LaTeX Graphics (DPC,SPQR)

("C:\Program Files (x86)\MiKTeX 2.9\tex\latex\graphics\graphics.sty"
Package: graphics 2009/02/05 v1.0o Standard LaTeX Graphics (DPC,SPQR)

("C:\Program Files (x86)\MiKTeX 2.9\tex\latex\graphics\trig.sty"
Package: trig 1999/03/16 v1.09 sin cos tan (DPC)
)
("C:\Program Files (x86)\MiKTeX 2.9\tex\latex\00miktex\graphics.cfg"
File: graphics.cfg 2007/01/18 v1.5 graphics configuration of teTeX/TeXLive
)
Package graphics Info: Driver file: pdftex.def on input line 91.

("C:\Program Files (x86)\MiKTeX 2.9\tex\latex\pdftex-def\pdftex.def"
File: pdftex.def 2011/05/27 v0.06d Graphics/color for pdfTeX

("C:\Program Files (x86)\MiKTeX 2.9\tex\generic\oberdiek\infwarerr.sty"
Package: infwarerr 2010/04/08 v1.3 Providing info/warning/error messages (HO)
)
("C:\Program Files (x86)\MiKTeX 2.9\tex\generic\oberdiek\ltxcmds.sty"
Package: ltxcmds 2011/11/09 v1.22 LaTeX kernel commands for general use (HO)
)
\Gread@gobject=\count87
))
\Gin@req@height=\dimen103
\Gin@req@width=\dimen104
)
(C:\Users\ds\AppData\Roaming\MiKTeX\2.9\tex\latex\url\url.sty
\Urlmuskip=\muskip10
Package: url 2013/09/16  ver 3.4  Verb mode for urls, etc.
)
("C:\Program Files (x86)\MiKTeX 2.9\tex\latex\amsfonts\amsfonts.sty"
Package: amsfonts 2013/01/14 v3.01 Basic AMSFonts support
\@emptytoks=\toks15
\symAMSa=\mathgroup4
\symAMSb=\mathgroup5
LaTeX Font Info:    Overwriting math alphabet `\mathfrak' in version `bold'
(Font)                  U/euf/m/n --> U/euf/b/n on input line 106.
)
(C:\Users\ds\AppData\Roaming\MiKTeX\2.9\tex\latex\moreverb\moreverb.sty
Package: moreverb 2008/06/03 v2.3a `more' verbatim facilities

("C:\Program Files (x86)\MiKTeX 2.9\tex\latex\tools\verbatim.sty"
Package: verbatim 2003/08/22 v1.5q LaTeX2e package for verbatim enhancements
\every@verbatim=\toks16
\verbatim@line=\toks17
\verbatim@in@stream=\read1
)
\tab@position=\count88
\tab@size=\count89
\listing@line=\count90
)
("C:\Program Files (x86)\MiKTeX 2.9\tex\latex\tools\bm.sty"
Package: bm 2004/02/26 v1.1c Bold Symbol Support (DPC/FMi)
\symboldoperators=\mathgroup6
\symboldletters=\mathgroup7
\symboldsymbols=\mathgroup8
LaTeX Font Info:    Redeclaring math alphabet \mathbf on input line 137.
LaTeX Info: Redefining \bm on input line 203.
)
("C:\Program Files (x86)\MiKTeX 2.9\tex\latex\paralist\paralist.sty"
Package: paralist 2013/06/09 v2.4 Extended list environments
\pltopsep=\skip44
\plpartopsep=\skip45
\plitemsep=\skip46
\plparsep=\skip47
\pl@lab=\toks18
)
("C:\Program Files (x86)\MiKTeX 2.9\tex\latex\subfig\subfig.sty"
Package: subfig 2005/06/28 ver: 1.3 subfig package

(C:\Users\ds\AppData\Roaming\MiKTeX\2.9\tex\latex\caption\caption.sty
Package: caption 2013/05/02 v3.3-89 Customizing captions (AR)

(C:\Users\ds\AppData\Roaming\MiKTeX\2.9\tex\latex\caption\caption3.sty
Package: caption3 2013/05/02 v1.6-88 caption3 kernel (AR)
Package caption3 Info: TeX engine: e-TeX on input line 57.
\captionmargin=\dimen105
\captionmargin@=\dimen106
\captionwidth=\dimen107
\caption@tempdima=\dimen108
\caption@indent=\dimen109
\caption@parindent=\dimen110
\caption@hangindent=\dimen111
)
\c@ContinuedFloat=\count91
)
\c@KVtest=\count92
\sf@farskip=\skip48
\sf@captopadj=\dimen112
\sf@capskip=\skip49
\sf@nearskip=\skip50
\c@subfigure=\count93
\c@subfigure@save=\count94
\c@lofdepth=\count95
\c@subtable=\count96
\c@subtable@save=\count97
\c@lotdepth=\count98
\sf@top=\skip51
\sf@bottom=\skip52
)
(C:\Users\ds\AppData\Roaming\MiKTeX\2.9\tex\latex\xcolor\xcolor.sty
Package: xcolor 2007/01/21 v2.11 LaTeX color extensions (UK)

("C:\Program Files (x86)\MiKTeX 2.9\tex\latex\00miktex\color.cfg"
File: color.cfg 2007/01/18 v1.5 color configuration of teTeX/TeXLive
)
Package xcolor Info: Driver file: pdftex.def on input line 225.

("C:\Program Files (x86)\MiKTeX 2.9\tex\latex\colortbl\colortbl.sty"
Package: colortbl 2012/02/13 v1.0a Color table columns (DPC)

("C:\Program Files (x86)\MiKTeX 2.9\tex\latex\tools\array.sty"
Package: array 2008/09/09 v2.4c Tabular extension package (FMi)
\col@sep=\dimen113
\extrarowheight=\dimen114
\NC@list=\toks19
\extratabsurround=\skip53
\backup@length=\skip54
)
\everycr=\toks20
\minrowclearance=\skip55
)
\rownum=\count99
Package xcolor Info: Model `cmy' substituted by `cmy0' on input line 1337.
Package xcolor Info: Model `hsb' substituted by `rgb' on input line 1341.
Package xcolor Info: Model `RGB' extended on input line 1353.
Package xcolor Info: Model `HTML' substituted by `rgb' on input line 1355.
Package xcolor Info: Model `Hsb' substituted by `hsb' on input line 1356.
Package xcolor Info: Model `tHsb' substituted by `hsb' on input line 1357.
Package xcolor Info: Model `HSB' substituted by `hsb' on input line 1358.
Package xcolor Info: Model `Gray' substituted by `gray' on input line 1359.
Package xcolor Info: Model `wave' substituted by `hsb' on input line 1360.
) (C:\mss\Faisal\FLAIRS28\csc_688_2014_doc\aaai_main.aux)
LaTeX Font Info:    Checking defaults for OML/cmm/m/it on input line 35.
LaTeX Font Info:    ... okay on input line 35.
LaTeX Font Info:    Checking defaults for T1/cmr/m/n on input line 35.
LaTeX Font Info:    ... okay on input line 35.
LaTeX Font Info:    Checking defaults for OT1/cmr/m/n on input line 35.
LaTeX Font Info:    ... okay on input line 35.
LaTeX Font Info:    Checking defaults for OMS/cmsy/m/n on input line 35.
LaTeX Font Info:    ... okay on input line 35.
LaTeX Font Info:    Checking defaults for OMX/cmex/m/n on input line 35.
LaTeX Font Info:    ... okay on input line 35.
LaTeX Font Info:    Checking defaults for U/cmr/m/n on input line 35.
LaTeX Font Info:    ... okay on input line 35.
LaTeX Font Info:    Try loading font information for OT1+ptm on input line 35.
 ("C:\Program Files (x86)\MiKTeX 2.9\tex\latex\psnfss\ot1ptm.fd"
File: ot1ptm.fd 2001/06/04 font definitions for OT1/ptm.
)
(C:\Users\ds\AppData\Roaming\MiKTeX\2.9\tex\context\base\supp-pdf.mkii
[Loading MPS to PDF converter (version 2006.09.02).]
\scratchcounter=\count100
\scratchdimen=\dimen115
\scratchbox=\box26
\nofMPsegments=\count101
\nofMParguments=\count102
\everyMPshowfont=\toks21
\MPscratchCnt=\count103
\MPscratchDim=\dimen116
\MPnumerator=\count104
\makeMPintoPDFobject=\count105
\everyMPtoPDFconversion=\toks22
)
Package caption Info: Begin \AtBeginDocument code.
Package caption Info: subfig package v1.3 is loaded.
Package caption Info: End \AtBeginDocument code.
LaTeX Font Info:    Font shape `OT1/ptm/bx/n' in size <14.4> not available
(Font)              Font shape `OT1/ptm/b/n' tried instead on input line 48.
LaTeX Font Info:    Try loading font information for U+msa on input line 48.
 ("C:\Program Files (x86)\MiKTeX 2.9\tex\latex\amsfonts\umsa.fd"
File: umsa.fd 2013/01/14 v3.01 AMS symbols A
)
LaTeX Font Info:    Try loading font information for U+msb on input line 48.

("C:\Program Files (x86)\MiKTeX 2.9\tex\latex\amsfonts\umsb.fd"
File: umsb.fd 2013/01/14 v3.01 AMS symbols B
)
LaTeX Font Info:    Font shape `OT1/ptm/bx/n' in size <12> not available
(Font)              Font shape `OT1/ptm/b/n' tried instead on input line 48.
LaTeX Font Info:    Try loading font information for OT1+pcr on input line 48.

("C:\Program Files (x86)\MiKTeX 2.9\tex\latex\psnfss\ot1pcr.fd"
File: ot1pcr.fd 2001/06/04 font definitions for OT1/pcr.
)
LaTeX Font Info:    Try loading font information for OMS+pcr on input line 48.

("C:\Program Files (x86)\MiKTeX 2.9\tex\latex\psnfss\omspcr.fd"
File: omspcr.fd 
)
LaTeX Font Info:    Font shape `OMS/pcr/m/n' in size <10> not available
(Font)              Font shape `OMS/cmsy/m/n' tried instead on input line 48.
LaTeX Font Info:    Try loading font information for OMS+ptm on input line 48.

("C:\Program Files (x86)\MiKTeX 2.9\tex\latex\psnfss\omsptm.fd"
File: omsptm.fd 
)
LaTeX Font Info:    Font shape `OMS/ptm/m/n' in size <9> not available
(Font)              Font shape `OMS/cmsy/m/n' tried instead on input line 48.
LaTeX Font Info:    Font shape `OT1/ptm/bx/n' in size <10> not available
(Font)              Font shape `OT1/ptm/b/n' tried instead on input line 49.
LaTeX Font Info:    Font shape `OT1/ptm/bx/n' in size <10.95> not available
(Font)              Font shape `OT1/ptm/b/n' tried instead on input line 93.
 [1{C:/Users/ds/AppData/Local/MiKTeX/2.9/pdftex/config/pdftex.map}



] <figures/graph_structure_def-crop3.pdf, id=12, 1089.06876pt x 553.06625pt>
File: figures/graph_structure_def-crop3.pdf Graphic file (type pdf)

<use figures/graph_structure_def-crop3.pdf>
Package pdftex.def Info: figures/graph_structure_def-crop3.pdf used on input line 190.
(pdftex.def)             Requested size: 303.53708pt x 154.14017pt.
 <figures/human_figure.pdf, id=13, 1645.14626pt x 2563.5775pt>
File: figures/human_figure.pdf Graphic file (type pdf)

<use figures/human_figure.pdf>
Package pdftex.def Info: figures/human_figure.pdf used on input line 191.
(pdftex.def)             Requested size: 106.2403pt x 165.5431pt.
 <figures/robot_figure.pdf, id=14, 1385.175pt x 2445.135pt>
File: figures/robot_figure.pdf Graphic file (type pdf)

<use figures/robot_figure.pdf>
Package pdftex.def Info: figures/robot_figure.pdf used on input line 192.
(pdftex.def)             Requested size: 93.58841pt x 165.17007pt.
 [2]
Underfull \vbox (badness 2401) has occurred while \output is active []


<plots/human_walk-crop.pdf, id=18, 356.33125pt x 283.0575pt>
File: plots/human_walk-crop.pdf Graphic file (type pdf)
 <use plots/human_walk-crop.pdf>
Package pdftex.def Info: plots/human_walk-crop.pdf used on input line 274.
(pdftex.def)             Requested size: 126.47249pt x 100.46236pt.

<plots/human_stand-crop.pdf, id=19, 361.35pt x 283.0575pt>
File: plots/human_stand-crop.pdf Graphic file (type pdf)
 <use plots/human_stand-crop.pdf>
Package pdftex.def Info: plots/human_stand-crop.pdf used on input line 276.
(pdftex.def)             Requested size: 126.47249pt x 99.06728pt.

<plots/robot_fallen_forward-crop.pdf, id=20, 361.35pt x 280.04625pt>
File: plots/robot_fallen_forward-crop.pdf Graphic file (type pdf)
 <use plots/robot_fallen_forward-crop.pdf>
Package pdftex.def Info: plots/robot_fallen_forward-crop.pdf used on input line 288.
(pdftex.def)             Requested size: 126.47249pt x 98.01337pt.

<plots/robot_fallen_backward-crop.pdf, id=21, 361.35pt x 280.04625pt>
File: plots/robot_fallen_backward-crop.pdf Graphic file (type pdf)
 <use plots/robot_fallen_backward-crop.pdf>
Package pdftex.def Info: plots/robot_fallen_backward-crop.pdf used on input line 290.
(pdftex.def)             Requested size: 126.47249pt x 98.01337pt.

[3 <C:/mss/Faisal/FLAIRS28/csc_688_2014_doc/figures/graph_structure_def-crop3.pdf> <C:/mss/Faisal/FLAIRS28/csc_688_2014_
doc/figures/human_figure.pdf> <C:/mss/Faisal/FLAIRS28/csc_688_2014_doc/figures/robot_figure.pdf

pdfTeX warning: pdflatex.exe (file C:/mss/Faisal/FLAIRS28/csc_688_2014_doc/figures/robot_figure.pdf): PDF inclusion: mul
tiple pdfs with page group included in a single page
>] <figures/plot1-crop.pdf, id=274, 361.35pt x 283.0575pt>
File: figures/plot1-crop.pdf Graphic file (type pdf)
 <use figures/plot1-crop.pdf>
Package pdftex.def Info: figures/plot1-crop.pdf used on input line 411.
(pdftex.def)             Requested size: 126.47249pt x 99.06728pt.

<figures/plot5-crop.pdf, id=275, 361.35pt x 283.0575pt>
File: figures/plot5-crop.pdf Graphic file (type pdf)
 <use figures/plot5-crop.pdf>
Package pdftex.def Info: figures/plot5-crop.pdf used on input line 413.
(pdftex.def)             Requested size: 126.47249pt x 99.06728pt.

<figures/plot1_fallen-crop.pdf, id=276, 361.35pt x 283.0575pt>
File: figures/plot1_fallen-crop.pdf Graphic file (type pdf)
 <use figures/plot1_fallen-crop.pdf>
Package pdftex.def Info: figures/plot1_fallen-crop.pdf used on input line 420.
(pdftex.def)             Requested size: 126.47249pt x 99.06728pt.

<figures/plot2_fallen-crop.pdf, id=277, 361.35pt x 283.0575pt>
File: figures/plot2_fallen-crop.pdf Graphic file (type pdf)
 <use figures/plot2_fallen-crop.pdf>
Package pdftex.def Info: figures/plot2_fallen-crop.pdf used on input line 422.
(pdftex.def)             Requested size: 126.47249pt x 99.06728pt.


LaTeX Warning: Reference `tab:human-svm-class' on page 4 undefined on input line 435.

[4 <C:/mss/Faisal/FLAIRS28/csc_688_2014_doc/plots/human_walk-crop.pdf> <C:/mss/Faisal/FLAIRS28/csc_688_2014_doc/plots/hu
man_stand-crop.pdf> <C:/mss/Faisal/FLAIRS28/csc_688_2014_doc/plots/robot_fallen_forward-crop.pdf> <C:/mss/Faisal/FLAIRS2
8/csc_688_2014_doc/plots/robot_fallen_backward-crop.pdf>] [5 <C:/mss/Faisal/FLAIRS28/csc_688_2014_doc/figures/plot1-crop
.pdf> <C:/mss/Faisal/FLAIRS28/csc_688_2014_doc/figures/plot5-crop.pdf> <C:/mss/Faisal/FLAIRS28/csc_688_2014_doc/figures/
plot1_fallen-crop.pdf> <C:/mss/Faisal/FLAIRS28/csc_688_2014_doc/figures/plot2_fallen-crop.pdf>]
(C:\mss\Faisal\FLAIRS28\csc_688_2014_doc\aaai_main.bbl
Underfull \hbox (badness 1484) in paragraph at lines 97--102
[]\OT1/ptm/m/n/10 Moya, J.; Ruiz-del So-lar, J.; Or-chard, M.; and Parra-
 []

) [6] (C:\mss\Faisal\FLAIRS28\csc_688_2014_doc\aaai_main.aux)

LaTeX Warning: There were undefined references.

 ) 
Here is how much of TeX's memory you used:
 3593 strings out of 493921
 54225 string characters out of 3144886
 127869 words of memory out of 3000000
 6818 multiletter control sequences out of 15000+200000
 24408 words of font info for 54 fonts, out of 3000000 for 9000
 841 hyphenation exceptions out of 8191
 44i,12n,47p,362b,393s stack positions out of 5000i,500n,10000p,200000b,50000s
{C:/Program Files (x86)/MiKTeX 2.9/fonts/enc/dvips/fontname/8r.enc}<C:/Program Files (x86)/MiKTeX 2.9/fonts/type1/publ
ic/amsfonts/cm/cmmi10.pfb><C:/Program Files (x86)/MiKTeX 2.9/fonts/type1/public/amsfonts/cm/cmmi7.pfb><C:/Program Files 
(x86)/MiKTeX 2.9/fonts/type1/public/amsfonts/cm/cmr10.pfb><C:/Program Files (x86)/MiKTeX 2.9/fonts/type1/public/amsfonts
/cm/cmr7.pfb><C:/Program Files (x86)/MiKTeX 2.9/fonts/type1/public/amsfonts/cm/cmsy10.pfb><C:/Program Files (x86)/MiKTeX
 2.9/fonts/type1/public/amsfonts/cm/cmsy7.pfb><C:/Program Files (x86)/MiKTeX 2.9/fonts/type1/public/amsfonts/cm/cmsy9.pf
b><C:/Program Files (x86)/MiKTeX 2.9/fonts/type1/urw/courier/ucrr8a.pfb><C:/Program Files (x86)/MiKTeX 2.9/fonts/type1/u
rw/times/utmb8a.pfb><C:/Program Files (x86)/MiKTeX 2.9/fonts/type1/urw/times/utmr8a.pfb><C:/Program Files (x86)/MiKTeX 2
.9/fonts/type1/urw/times/utmri8a.pfb>
Output written on aaai_main.pdf (6 pages, 10819097 bytes).
PDF statistics:
 417 PDF objects out of 1000 (max. 8388607)
 0 named destinations out of 1000 (max. 500000)
 56 words of extra memory for PDF output out of 10000 (max. 10000000)

